Building DAG of jobs...
Building DAG of jobs...
Building DAG of jobs...
sh
Building DAG of jobs...
sh
Using shell: /usr/bin/bash
res to define parallelism)
Using shell: /usr/bin/bash
res to define parallelism)
Rules claiming more threads will be scaled down.
ism)
Provided cores: 1 (use --cores to define parallelism)
Rules claiming more threads will be scaled down.
Provided resources: mem_mb=12000, mem_mib=11445, Provided resources: mem_mb=12000, mem_mib=11445, disk_mb=1000, disk_mib=954
Provided resources: mem_mb=12000, mem_mib=11445, disk_mb=1000, disk_mib=954
Select jobs to execute...
Select jobs to execute...

[Tue Aug 12 14:17:43 2025]
[Tue Aug 12 14:17:43 2025]
[Tue Aug 12 14:17:43 2025]
  input: /home/amovas/data/genome-evo-proj/results/tables/pipeline-outputs/iii/iii_annotated_variants.tsv.gz
    output: /home/amovas/data/genome-evo-proj/results/tables/misc/diversity/iii/13_diversity_measures.tsv
    jobid: 0
    reason: Missing output files: /home/amovas/data/genome-evo-proj/results/tables/misc/diversity/iii/13_diversity_measures.tsv
    wildcards: experiment=iii, line=13
    resources: mem_mb=12000, mem_mib=11445, disk_mb=1000, disk_mib=954, tmpdir=/sctmp/amovasrule calculateDiversity:
    input: /home/amovas/data/genome-evo-proj/results/tables/pipeline-outputs/iii/iii_annotated_variants.tsv.gz
    output: /home/amovas/data/genome-evo-proj/results/tables/misc/diversity/iii/15_diversity_measures.tsv
    jobid: 0
    reason: Missing output files: /home/amovas/data/genome-evo-proj/results/tables/misc/diversity/iii/15_diversity_measures.tsv
    wildcards: experiment=iii, line=15
    resources: mem_mb=12000, mem_mib=11445, disk_mb=1000, disk_mib=954, tmpdir=/sctmp/amovasrule calculateDiversity:
    input: /home/amovas/data/genome-evo-proj/results/tables/pipeline-outputs/iii/iii_annotated_variants.tsv.gz
    output: /home/amovas/data/genome-evo-proj/results/tables/misc/diversity/iii/16_diversity_measures.tsv
    jobid: 0
    reason: Missing output files: /home/amovas/data/genome-evo-proj/results/tables/misc/diversity/iii/16_diversity_measures.tsv
    wildcards: experiment=iii, line=16
    resources: mem_mb=12000, mem_mib=11445, disk_mb=1000, disk_mib=954, tmpdir=/sctmp/amovas
ule calculateDiversity:
    input: /home/amovas/data/genome-evo-proj/results/tables/pipeline-outputs/iii/iii_annotated_variants.tsv.gz
    output: /home/amovas/data/genome-evo-proj/results/tables/misc/diversity/iii/14_diversity_measures.tsv
    jobid: 0
    reason: Missing output files: /home/amovas/data/genome-evo-proj/results/tables/misc/diversity/iii/14_diversity_measures.tsv
    wildcards: experiment=iii, line=14
    resources: mem_mb=12000, mem_mib=11445, disk_mb=1000, disk_mib=954, tmpdir=/sctmp/amovas


Warning message:
Warning message:
tr‚Äô was built under R version 4.2.3 
Warning message:
package ‚Äòmagrittr‚Äô was built under R version 4.2.3 
package ‚Äòmagrittr‚Äô was built under R version 4.2.3 
Warning message:
package ‚Äòstringr‚Äô was built under R version 4.2.3 
Warning message:
package ‚Äòstringr‚Äô was built under R version 4.2.3 
Warning message:
package ‚Äòstringr‚Äô was built under R version 4.2.3 
Warning message:
ects are masked from ‚Äòpackage:stats‚Äô:

    filter, lag

package ‚Äòstringr‚Äô was built under R version 4.2.3 
ô:

    intersect, setdiff, setequal, union


Attaching package: ‚Äòdplyr‚Äô

Warning message:
package ‚Äòdplyr‚Äô was built under R version 4.2.3 
The following objects are masked from ‚Äòpackage:stats‚Äô:

    filter, lag

The following objects are masked from ‚Äòpackage:base‚Äô:

    intersect, setdiff, setequal, union


Attaching package: ‚Äòtidyr‚Äô

Warning message:
package ‚Äòdplyr‚Äô was built under R version 4.2.3 
The following object is masked from ‚Äòpackage:magrittr‚Äô:

    extract

Warning message:
package ‚Äòtidyr‚Äô was built under R version 4.2.3 

Attaching package: ‚Äòtidyr‚Äô

The following object is masked from ‚Äòpackage:magrittr‚Äô:

    extract

Warning message:
package ‚Äòtidyr‚Äô was built under R version 4.2.3 

Attaching package: ‚Äòdplyr‚Äô


Attaching package: ‚Äòdplyr‚Äô

The following objects are masked from ‚Äòpackage:stats‚Äô:

    filter, lag

The following objects are masked from ‚Äòpackage:stats‚Äô:

    filter, lag

The following objects are masked from ‚Äòpackage:base‚Äô:

    intersect, setdiff, setequal, union

The following objects are masked from ‚Äòpackage:base‚Äô:

    intersect, setdiff, setequal, union

Warning message:
Warning message:
package ‚Äòdplyr‚Äô was built under R version 4.2.3 
package ‚Äòdplyr‚Äô was built under R version 4.2.3 

Attaching package: ‚Äòtidyr‚Äô


Attaching package: ‚Äòtidyr‚Äô

The following object is masked from ‚Äòpackage:magrittr‚Äô:

    extract

The following object is masked from ‚Äòpackage:magrittr‚Äô:

    extract

Warning message:
package ‚Äòtidyr‚Äô was built under R version 4.2.3 
Warning message:
package ‚Äòtidyr‚Äô was built under R version 4.2.3 
[Tue Aug 12 14:18:17 2025]
Finished job 0.
1 of 1 steps (100%) done
[Tue Aug 12 14:18:17 2025]
Finished job 0.
1 of 1 steps (100%) done
[Tue Aug 12 14:18:19 2025]
Finished job 0.
1 of 1 steps (100%) done
[Tue Aug 12 14:18:20 2025]
Finished job 0.
1 of 1 steps (100%) done
