Passage from bash is: 100
Loading required package: GenomeInfoDb
Loading required package: BiocGenerics

Attaching package: ‘BiocGenerics’

The following objects are masked from ‘package:stats’:

    IQR, mad, sd, var, xtabs

The following objects are masked from ‘package:base’:

    anyDuplicated, aperm, append, as.data.frame, basename, cbind,
    colnames, dirname, do.call, duplicated, eval, evalq, Filter, Find,
    get, grep, grepl, intersect, is.unsorted, lapply, Map, mapply,
    match, mget, order, paste, pmax, pmax.int, pmin, pmin.int,
    Position, rank, rbind, Reduce, rownames, sapply, setdiff, sort,
    table, tapply, union, unique, unsplit, which.max, which.min

Loading required package: S4Vectors
Loading required package: stats4

Attaching package: ‘S4Vectors’

The following objects are masked from ‘package:base’:

    expand.grid, I, unname

Loading required package: IRanges
Loading required package: GenomicRanges
Loading required package: Biostrings
Loading required package: XVector

Attaching package: ‘Biostrings’

The following object is masked from ‘package:base’:

    strsplit

Warning messages:
1: package ‘Rsamtools’ was built under R version 4.2.3 
2: package ‘GenomeInfoDb’ was built under R version 4.2.3 
3: package ‘S4Vectors’ was built under R version 4.2.3 
4: package ‘IRanges’ was built under R version 4.2.3 
5: package ‘GenomicRanges’ was built under R version 4.2.3 
6: package ‘Biostrings’ was built under R version 4.2.3 
7: package ‘XVector’ was built under R version 4.2.3 
slurmstepd: error: *** JOB 22997124 ON u20-cva0000-119 CANCELLED AT 2025-08-19T16:17:23 ***
