/home/amovas/data/genome-evo-proj/data/processed-data/mutations/3-p/iv/18/18MT2EXPIVVP430seq22072022_S9_L001.csv 8344 2
hi
 15 570 1
works fine 1
 15 570 1
works fine 2
 15 570 1
works fine 3
 15 570 1
hi
 15 520 1
works fine 1
 15 520 1
works fine 2
 15 520 1
works fine 3
 15 520 1
hi
 15 540 1
works fine 1
 15 540 1
works fine 2
 15 540 1
works fine 3
 15 540 1
hi
 15 560 1
works fine 1
 15 560 1
works fine 2
 15 560 1
works fine 3
 15 560 1
hi
 15 550 1
works fine 1
 15 550 1
works fine 2
 15 550 1
works fine 3
 15 550 1
hi
 15 530 1
works fine 1
 15 530 1
works fine 2
 15 530 1
works fine 3
 15 530 1
hi
 16 560 1
works fine 1
 16 560 1
works fine 2
 16 560 1
works fine 3
 16 560 1
hi
 16 520 1
works fine 1
 16 520 1
works fine 2
 16 520 1
works fine 3
 16 520 1
hi
 16 510 1
works fine 1
 16 510 1
works fine 2
 16 510 1
works fine 3
 16 510 1
hi
 16 540 1
works fine 1
 16 540 1
works fine 2
 16 540 1
works fine 3
 16 540 1
hi
 16 530 1
works fine 1
 16 530 1
works fine 2
 16 530 1
works fine 3
 16 530 1
hi
 16 550 1
works fine 1
 16 550 1
works fine 2
 16 550 1
works fine 3
 16 550 1
hi
 16 570 1
works fine 1
 16 570 1
works fine 2
 16 570 1
works fine 3
 16 570 1
hi
 14 550 1
works fine 1
 14 550 1
works fine 2
 14 550 1
works fine 3
 14 550 1
hi
 14 570 1
works fine 1
 14 570 1
works fine 2
 14 570 1
works fine 3
 14 570 1
hi
 14 540 1
works fine 1
 14 540 1
works fine 2
 14 540 1
works fine 3
 14 540 1
hi
 14 520 1
works fine 1
 14 520 1
works fine 2
 14 520 1
works fine 3
 14 520 1
hi
 14 530 1
works fine 1
 14 530 1
works fine 2
 14 530 1
works fine 3
 14 530 1
hi
 14 560 1
works fine 1
 14 560 1
works fine 2
 14 560 1
works fine 3
 14 560 1
hi
 13 520 1
works fine 1
 13 520 1
works fine 2
 13 520 1
works fine 3
 13 520 1
hi
 13 550 1
works fine 1
 13 550 1
works fine 2
 13 550 1
works fine 3
 13 550 1
hi
 13 560 1
works fine 1
 13 560 1
works fine 2
 13 560 1
works fine 3
 13 560 1
hi
 13 530 1
works fine 1
 13 530 1
works fine 2
 13 530 1
works fine 3
 13 530 1
hi
 13 450 1
works fine 1
 13 450 1
works fine 2
 13 450 1
works fine 3
 13 450 1
hi
 13 540 1
works fine 1
 13 540 1
works fine 2
 13 540 1
works fine 3
 13 540 1
hi
 13 570 1
works fine 1
 13 570 1
works fine 2
 13 570 1
works fine 3
 13 570 1
