Building DAG of jobs...
Building DAG of jobs...
Building DAG of jobs...
Using shell: /usr/bin/bash
Using shell: /usr/bin/bash
Provided cores: 1 (use --cores to define parallelism)
Provided cores: 1 (use --cores to define parallelism)
Using shell: /usr/bin/bash
Rules claiming more threads will be scaled down.
Rules claiming more threads will be scaled down.
Provided cores: 1 (use --cores to define parallelism)
Provided resources: mem_mb=4000, mem_mib=3815, disk_mb=1000, disk_mib=954
Provided resources: mem_mb=4000, mem_mib=3815, disk_mb=1000, disk_mib=954
Rules claiming more threads will be scaled down.
Select jobs to execute...
Select jobs to execute...
Provided resources: mem_mb=4000, mem_mib=3815, disk_mb=1000, disk_mib=954
Select jobs to execute...
Building DAG of jobs...
Building DAG of jobs...
Using shell: /usr/bin/bash
Provided cores: 1 (use --cores to define parallelism)
Using shell: /usr/bin/bash
Rules claiming more threads will be scaled down.
Provided cores: 1 (use --cores to define parallelism)
Provided resources: mem_mb=4000, mem_mib=3815, disk_mb=1000, disk_mib=954
Rules claiming more threads will be scaled down.
Select jobs to execute...
Provided resources: mem_mb=4000, mem_mib=3815, disk_mb=1000, disk_mib=954
Select jobs to execute...


[Wed Mar 13 14:00:15 2024]

[Wed Mar 13 14:00:15 2024]
rule collect_sequencing_quality:
    input: /home/amovas/data/genome-evo-proj/data/processed-data/fastqc-reports/pipeline-outputs/iv/18
    output: /home/amovas/data/genome-evo-proj/results/tables/pipeline-outputs/iv_18_multiqc_report.html
    jobid: 0
    reason: Missing output files: /home/amovas/data/genome-evo-proj/results/tables/pipeline-outputs/iv_18_multiqc_report.html
    wildcards: experiment=iv, line=18
    resources: mem_mb=4000, mem_mib=3815, disk_mb=1000, disk_mib=954, tmpdir=/sctmp/amovas
[Wed Mar 13 14:00:15 2024]
rule collect_sequencing_quality:
    input: /home/amovas/data/genome-evo-proj/data/processed-data/fastqc-reports/pipeline-outputs/iii/14
    output: /home/amovas/data/genome-evo-proj/results/tables/pipeline-outputs/iii_14_multiqc_report.html
    jobid: 0
    reason: Missing output files: /home/amovas/data/genome-evo-proj/results/tables/pipeline-outputs/iii_14_multiqc_report.html
    wildcards: experiment=iii, line=14
    resources: mem_mb=4000, mem_mib=3815, disk_mb=1000, disk_mib=954, tmpdir=/sctmp/amovas

rule collect_sequencing_quality:
    input: /home/amovas/data/genome-evo-proj/data/processed-data/fastqc-reports/pipeline-outputs/iii/15
    output: /home/amovas/data/genome-evo-proj/results/tables/pipeline-outputs/iii_15_multiqc_report.html
    jobid: 0
    reason: Missing output files: /home/amovas/data/genome-evo-proj/results/tables/pipeline-outputs/iii_15_multiqc_report.html
    wildcards: experiment=iii, line=15
    resources: mem_mb=4000, mem_mib=3815, disk_mb=1000, disk_mib=954, tmpdir=/sctmp/amovas



[Wed Mar 13 14:00:15 2024]
rule collect_sequencing_quality:
    input: /home/amovas/data/genome-evo-proj/data/processed-data/fastqc-reports/pipeline-outputs/iv/20
    output: /home/amovas/data/genome-evo-proj/results/tables/pipeline-outputs/iv_20_multiqc_report.html
    jobid: 0
    reason: Missing output files: /home/amovas/data/genome-evo-proj/results/tables/pipeline-outputs/iv_20_multiqc_report.html
    wildcards: experiment=iv, line=20
    resources: mem_mb=4000, mem_mib=3815, disk_mb=1000, disk_mib=954, tmpdir=/sctmp/amovas


[Wed Mar 13 14:00:15 2024]
rule collect_sequencing_quality:
    input: /home/amovas/data/genome-evo-proj/data/processed-data/fastqc-reports/pipeline-outputs/iv/17
    output: /home/amovas/data/genome-evo-proj/results/tables/pipeline-outputs/iv_17_multiqc_report.html
    jobid: 0
    reason: Missing output files: /home/amovas/data/genome-evo-proj/results/tables/pipeline-outputs/iv_17_multiqc_report.html
    wildcards: experiment=iv, line=17
    resources: mem_mb=4000, mem_mib=3815, disk_mb=1000, disk_mib=954, tmpdir=/sctmp/amovas
Building DAG of jobs...
Building DAG of jobs...
Building DAG of jobs...
Using shell: /usr/bin/bash
Using shell: /usr/bin/bash
Provided cores: 1 (use --cores to define parallelism)
Using shell: /usr/bin/bash
Provided cores: 1 (use --cores to define parallelism)
Rules claiming more threads will be scaled down.
Provided cores: 1 (use --cores to define parallelism)
Rules claiming more threads will be scaled down.
Provided resources: mem_mb=4000, mem_mib=3815, disk_mb=1000, disk_mib=954
Rules claiming more threads will be scaled down.
Provided resources: mem_mb=4000, mem_mib=3815, disk_mb=1000, disk_mib=954
Select jobs to execute...
Provided resources: mem_mb=4000, mem_mib=3815, disk_mb=1000, disk_mib=954
Select jobs to execute...
Select jobs to execute...

[Wed Mar 13 14:00:15 2024]
rule collect_sequencing_quality:
    input: /home/amovas/data/genome-evo-proj/data/processed-data/fastqc-reports/pipeline-outputs/iv/19
    output: /home/amovas/data/genome-evo-proj/results/tables/pipeline-outputs/iv_19_multiqc_report.html
    jobid: 0
    reason: Missing output files: /home/amovas/data/genome-evo-proj/results/tables/pipeline-outputs/iv_19_multiqc_report.html
    wildcards: experiment=iv, line=19
    resources: mem_mb=4000, mem_mib=3815, disk_mb=1000, disk_mib=954, tmpdir=/sctmp/amovas



[Wed Mar 13 14:00:15 2024]
[Wed Mar 13 14:00:15 2024]
rule collect_sequencing_quality:
    input: /home/amovas/data/genome-evo-proj/data/processed-data/fastqc-reports/pipeline-outputs/iii/16
    output: /home/amovas/data/genome-evo-proj/results/tables/pipeline-outputs/iii_16_multiqc_report.html
    jobid: 0
    reason: Missing output files: /home/amovas/data/genome-evo-proj/results/tables/pipeline-outputs/iii_16_multiqc_report.html
    wildcards: experiment=iii, line=16
    resources: mem_mb=4000, mem_mib=3815, disk_mb=1000, disk_mib=954, tmpdir=/sctmp/amovas
rule collect_sequencing_quality:
    input: /home/amovas/data/genome-evo-proj/data/processed-data/fastqc-reports/pipeline-outputs/iii/13
    output: /home/amovas/data/genome-evo-proj/results/tables/pipeline-outputs/iii_13_multiqc_report.html
    jobid: 0
    reason: Missing output files: /home/amovas/data/genome-evo-proj/results/tables/pipeline-outputs/iii_13_multiqc_report.html
    wildcards: experiment=iii, line=13
    resources: mem_mb=4000, mem_mib=3815, disk_mb=1000, disk_mib=954, tmpdir=/sctmp/amovas



  /// MultiQC 🔍 | v1.21


  /// MultiQC 🔍 | v1.21


  /// MultiQC 🔍 | v1.21

|           multiqc | Search path : /data/amovas/genome-evo-proj/data/processed-data/fastqc-reports/pipeline-outputs/iii/15
|           multiqc | Search path : /data/amovas/genome-evo-proj/data/processed-data/fastqc-reports/pipeline-outputs/iii/14
|           multiqc | Search path : /data/amovas/genome-evo-proj/data/processed-data/fastqc-reports/pipeline-outputs/iv/18

  /// MultiQC 🔍 | v1.21


  /// MultiQC 🔍 | v1.21

|           multiqc | Search path : /data/amovas/genome-evo-proj/data/processed-data/fastqc-reports/pipeline-outputs/iv/20
|           multiqc | Search path : /data/amovas/genome-evo-proj/data/processed-data/fastqc-reports/pipeline-outputs/iv/17
|         searching | ━━━━━━━━━━━━━━━━━━━━━━━━━━━━━━━━━━━━━━━━ 100% 214/214  
|         searching | ━━━━━━━━━━━━━━━━━━━━━━━━━━━━━━━━━━━━━━━━ 100% 214/214  
|         searching | ━━━━━━━━━━━━━━━━━━━━━━━━━━━━━━━━━━━━━━━━ 100% 214/214  

  /// MultiQC 🔍 | v1.21


  /// MultiQC 🔍 | v1.21


  /// MultiQC 🔍 | v1.21

|            fastqc | Found 102 reports
|         searching | ━━━━━━━━━━━━━━━━━━━━━━━━━━━━━━━━━━━━━━━━ 100% 238/238  
|         searching | ━━━━━━━━━━━━━━━━━━━━━━━━━━━━━━━━━━━━━━━━ 100% 238/238  
|           multiqc | Search path : /data/amovas/genome-evo-proj/data/processed-data/fastqc-reports/pipeline-outputs/iii/16
|           multiqc | Search path : /data/amovas/genome-evo-proj/data/processed-data/fastqc-reports/pipeline-outputs/iii/13
|           multiqc | Search path : /data/amovas/genome-evo-proj/data/processed-data/fastqc-reports/pipeline-outputs/iv/19
|            fastqc | Found 102 reports
|            fastqc | Found 102 reports
|            fastqc | Found 114 reports
|            fastqc | Found 114 reports
|           multiqc | Existing reports found, adding suffix to filenames. Use '--force' to overwrite.
|           multiqc | Report      : multiqc/multiqc_report_2.html
|           multiqc | Data        : multiqc/multiqc_data_2
|           multiqc | MultiQC complete
[Wed Mar 13 14:00:20 2024]
Finished job 0.
1 of 1 steps (100%) done
|         searching | ━━━━━━━━━━━━━━━━━━━━━━━━━━━━━━━━━━━━━━━━ 100% 214/214  
|           multiqc | Existing reports found, adding suffix to filenames. Use '--force' to overwrite.
|           multiqc | Report      : multiqc/multiqc_report_2.html
|           multiqc | Data        : multiqc/multiqc_data_2
|         searching | ━━━━━━━━━━━━━━━━━━━━━━━━━━━━━━━━━━━━━━━━ 100% 238/238  
|         searching | ━━━━━━━━━━━━━━━━━━━━━━━━━━━━━━━━━━━━━━━━ 100% 239/239  
|           multiqc | MultiQC complete
|           multiqc | Existing reports found, adding suffix to filenames. Use '--force' to overwrite.
[Wed Mar 13 14:00:21 2024]
t      : multiqc/multiqc_report_2.html
|           multiqc | Data        : multiqc/multiqc_data_2
1 of 1 steps (100%) done
|           multiqc | MultiQC complete
[Wed Mar 13 14:00:21 2024]
Finished job 0.
1 of 1 steps (100%) done
|           multiqc | Existing reports found, adding suffix to filenames. Use '--force' to overwrite.
|           multiqc | Report      : multiqc/multiqc_report_2.html
|           multiqc | Data        : multiqc/multiqc_data_2
|           multiqc | Existing reports found, adding suffix to filenames. Use '--force' to overwrite.
|           multiqc | Report      : multiqc/multiqc_report_2.html
|           multiqc | Data        : multiqc/multiqc_data_2
|            fastqc | Found 102 reports
|           multiqc | MultiQC complete
|           multiqc | MultiQC complete
[Wed Mar 13 14:00:22 2024]
 114 reports
Finished job 0.
1 of 1 steps (100%) done
[Wed Mar 13 14:00:22 2024]
Finished job 0.
1 of 1 steps (100%) done
|            fastqc | Found 114 reports
|           multiqc | Existing reports found, adding suffix to filenames. Use '--force' to overwrite.
|           multiqc | Report      : multiqc/multiqc_report_2.html
|           multiqc | Data        : multiqc/multiqc_data_2
|           multiqc | Existing reports found, adding suffix to filenames. Use '--force' to overwrite.
|           multiqc | Report      : multiqc/multiqc_report_2.html
|           multiqc | Data        : multiqc/multiqc_data_2
|           multiqc | Existing reports found, adding suffix to filenames. Use '--force' to overwrite.
|           multiqc | Report      : multiqc/multiqc_report_2.html
|           multiqc | Data        : multiqc/multiqc_data_2
|           multiqc | MultiQC complete
|           multiqc | MultiQC complete
|           multiqc | MultiQC complete
[Wed Mar 13 14:00:24 2024]
[Wed Mar 13 14:00:24 2024]
[Wed Mar 13 14:00:24 2024]
Finished job 0.
Finished job 0.
Finished job 0.
1 of 1 steps (100%) done
1 of 1 steps (100%) done
1 of 1 steps (100%) done
